<?xml version="1.0" encoding="UTF-8"?>
<!-- Generated by org.testng.reporters.JUnitXMLReporter -->
<testsuite ignored="0" hostname="DESKTOP-LS7N6V5" failures="0" tests="2" name="register page test" time="40.938" errors="0" timestamp="2022-02-17T22:08:07 CST">
  <testcase classname="com.nopcommerce.tests.RegisterPageTest" name="registerNewUserTest" time="9.227"/>
  <testcase classname="com.nopcommerce.tests.RegisterPageTest" name="registerNewUserTest" time="8.151"/>
</testsuite> <!-- register page test -->
