<?xml version="1.0" encoding="UTF-8"?>
<!-- Generated by org.testng.reporters.JUnitXMLReporter -->
<testsuite ignored="0" hostname="DESKTOP-LS7N6V5" failures="0" tests="3" name="search page test" time="27.313" errors="0" timestamp="2022-02-17T22:07:54 CST">
  <testcase classname="com.nopcommerce.tests.SearchPageTest" name="verifySearchPageNameTest" time="0.05"/>
  <testcase classname="com.nopcommerce.tests.SearchPageTest" name="verifyManufactureDropdownListTest" time="0.356"/>
  <testcase classname="com.nopcommerce.tests.SearchPageTest" name="validateCategoryListTest" time="0.356"/>
</testsuite> <!-- search page test -->
